{
  "stats": {
    "suites": 1,
    "tests": 5,
    "passes": 3,
    "pending": 0,
    "failures": 2,
    "start": "2021-09-04T20:52:56.852Z",
    "end": "2021-09-04T20:55:10.109Z",
    "duration": 133257,
    "testsRegistered": 5,
    "passPercent": 60,
    "pendingPercent": 0,
    "other": 0,
    "hasOther": false,
    "skipped": 0,
    "hasSkipped": false
  },
  "results": [
    {
      "uuid": "dfdf4252-fcaf-406f-b9a0-e1c31f9cd126",
      "title": "",
      "fullFile": "cypress\\integration\\features\\Admin.feature",
      "file": "cypress\\integration\\features\\Admin.feature",
      "beforeHooks": [],
      "afterHooks": [],
      "tests": [],
      "suites": [
        {
          "uuid": "21d0164d-26a3-48e3-9f48-284633e303d9",
          "title": "Admin Role for the Application",
          "fullFile": "",
          "file": "",
          "beforeHooks": [],
          "afterHooks": [],
          "tests": [
            {
              "title": "Orange HRM Login (example #1)",
              "fullTitle": "Admin Role for the Application Orange HRM Login (example #1)",
              "timedOut": null,
              "duration": 22716,
              "state": "passed",
              "speed": "slow",
              "pass": true,
              "fail": false,
              "pending": false,
              "context": null,
              "code": "const state = window.testState;\nreturn cy\n  .then(() => state.onStartScenario(scenario, indexedSteps))\n  .then(() =>\n    resolveAndRunBeforeHooks.call(this, scenario.tags, state.feature.name)\n  )\n  .then(() =>\n    indexedSteps.forEach((step) =>\n      stepTest.call(this, state, step, rowData)\n    )\n  )\n  .then(() =>\n    resolveAndRunAfterHooks.call(this, scenario.tags, state.feature.name)\n  )\n  .then(() => state.onFinishScenario(scenario));",
              "err": {},
              "uuid": "20cc6086-caa8-4249-9768-25cb927c3073",
              "parentUUID": "21d0164d-26a3-48e3-9f48-284633e303d9",
              "isHook": false,
              "skipped": false
            },
            {
              "title": "Add Admin role to users (example #1)",
              "fullTitle": "Admin Role for the Application Add Admin role to users (example #1)",
              "timedOut": null,
              "duration": 34465,
              "state": "passed",
              "speed": "slow",
              "pass": true,
              "fail": false,
              "pending": false,
              "context": null,
              "code": "const state = window.testState;\nreturn cy\n  .then(() => state.onStartScenario(scenario, indexedSteps))\n  .then(() =>\n    resolveAndRunBeforeHooks.call(this, scenario.tags, state.feature.name)\n  )\n  .then(() =>\n    indexedSteps.forEach((step) =>\n      stepTest.call(this, state, step, rowData)\n    )\n  )\n  .then(() =>\n    resolveAndRunAfterHooks.call(this, scenario.tags, state.feature.name)\n  )\n  .then(() => state.onFinishScenario(scenario));",
              "err": {},
              "uuid": "abe30867-75e1-404e-8779-e89870f28405",
              "parentUUID": "21d0164d-26a3-48e3-9f48-284633e303d9",
              "isHook": false,
              "skipped": false
            },
            {
              "title": "Add Admin role to users (example #2)",
              "fullTitle": "Admin Role for the Application Add Admin role to users (example #2)",
              "timedOut": null,
              "duration": 43801,
              "state": "passed",
              "speed": "slow",
              "pass": true,
              "fail": false,
              "pending": false,
              "context": null,
              "code": "const state = window.testState;\nreturn cy\n  .then(() => state.onStartScenario(scenario, indexedSteps))\n  .then(() =>\n    resolveAndRunBeforeHooks.call(this, scenario.tags, state.feature.name)\n  )\n  .then(() =>\n    indexedSteps.forEach((step) =>\n      stepTest.call(this, state, step, rowData)\n    )\n  )\n  .then(() =>\n    resolveAndRunAfterHooks.call(this, scenario.tags, state.feature.name)\n  )\n  .then(() => state.onFinishScenario(scenario));",
              "err": {},
              "uuid": "1b586963-d47f-4e2d-98be-c8ab73d418ce",
              "parentUUID": "21d0164d-26a3-48e3-9f48-284633e303d9",
              "isHook": false,
              "skipped": false
            },
            {
              "title": "Edit Admin users (example #1)",
              "fullTitle": "Admin Role for the Application Edit Admin users (example #1)",
              "timedOut": null,
              "duration": 13592,
              "state": "failed",
              "speed": null,
              "pass": false,
              "fail": true,
              "pending": false,
              "context": null,
              "code": "const state = window.testState;\nreturn cy\n  .then(() => state.onStartScenario(scenario, indexedSteps))\n  .then(() =>\n    resolveAndRunBeforeHooks.call(this, scenario.tags, state.feature.name)\n  )\n  .then(() =>\n    indexedSteps.forEach((step) =>\n      stepTest.call(this, state, step, rowData)\n    )\n  )\n  .then(() =>\n    resolveAndRunAfterHooks.call(this, scenario.tags, state.feature.name)\n  )\n  .then(() => state.onFinishScenario(scenario));",
              "err": {
                "message": "AssertionError: Timed out retrying: Expected to find content: 'Anthony.Nolan' but never did.",
                "estack": "AssertionError: Timed out retrying: Expected to find content: 'Anthony.Nolan' but never did.\n    at AdminPage.clickUserLink (https://opensource-demo.orangehrmlive.com/__cypress/tests?p=cypress\\integration\\features\\Admin.feature:153:10)\n    at Context.eval (https://opensource-demo.orangehrmlive.com/__cypress/tests?p=cypress\\integration\\features\\Admin.feature:940:9)\n    at Context.resolveAndRunStepDefinition (https://opensource-demo.orangehrmlive.com/__cypress/tests?p=cypress\\integration\\features\\Admin.feature:12191:9)\n    at Context.eval (https://opensource-demo.orangehrmlive.com/__cypress/tests?p=cypress\\integration\\features\\Admin.feature:11532:35)",
                "diff": null
              },
              "uuid": "ad89bbb3-97d0-4494-ae99-66c473a89278",
              "parentUUID": "21d0164d-26a3-48e3-9f48-284633e303d9",
              "isHook": false,
              "skipped": false
            },
            {
              "title": "Remove user from the list (example #1)",
              "fullTitle": "Admin Role for the Application Remove user from the list (example #1)",
              "timedOut": null,
              "duration": 16800,
              "state": "failed",
              "speed": null,
              "pass": false,
              "fail": true,
              "pending": false,
              "context": null,
              "code": "const state = window.testState;\nreturn cy\n  .then(() => state.onStartScenario(scenario, indexedSteps))\n  .then(() =>\n    resolveAndRunBeforeHooks.call(this, scenario.tags, state.feature.name)\n  )\n  .then(() =>\n    indexedSteps.forEach((step) =>\n      stepTest.call(this, state, step, rowData)\n    )\n  )\n  .then(() =>\n    resolveAndRunAfterHooks.call(this, scenario.tags, state.feature.name)\n  )\n  .then(() => state.onFinishScenario(scenario));",
              "err": {
                "message": "CypressError: Timed out retrying: `cy.click()` failed because this element is `disabled`:\n\n`<input type=\"submit\" class=\"delete\" id=\"btnDelete\" name=\"btnDelete\" value=\"Delete\" data-toggle=\"modal\" data-target=\"#deleteConfModal\" disabled=\"disabled\">`\n\nFix this problem, or use `{force: true}` to disable error checking.\n\nhttps://on.cypress.io/element-cannot-be-interacted-with",
                "estack": "CypressError: Timed out retrying: `cy.click()` failed because this element is `disabled`:\n\n`<input type=\"submit\" class=\"delete\" id=\"btnDelete\" name=\"btnDelete\" value=\"Delete\" data-toggle=\"modal\" data-target=\"#deleteConfModal\" disabled=\"disabled\">`\n\nFix this problem, or use `{force: true}` to disable error checking.\n\nhttps://on.cypress.io/element-cannot-be-interacted-with\n    at $Cy.ensureNotDisabled (https://opensource-demo.orangehrmlive.com/__cypress/runner/cypress_runner.js:161122:24)\n    at runAllChecks (https://opensource-demo.orangehrmlive.com/__cypress/runner/cypress_runner.js:150107:14)\n    at retryActionability (https://opensource-demo.orangehrmlive.com/__cypress/runner/cypress_runner.js:150163:16)\n    at tryCatcher (https://opensource-demo.orangehrmlive.com/__cypress/runner/cypress_runner.js:10325:23)\n    at Function.Promise.attempt.Promise.try (https://opensource-demo.orangehrmlive.com/__cypress/runner/cypress_runner.js:7599:29)\n    at tryFn (https://opensource-demo.orangehrmlive.com/__cypress/runner/cypress_runner.js:165556:21)\n    at whenStable (https://opensource-demo.orangehrmlive.com/__cypress/runner/cypress_runner.js:165594:12)\n    at https://opensource-demo.orangehrmlive.com/__cypress/runner/cypress_runner.js:165089:16\n    at tryCatcher (https://opensource-demo.orangehrmlive.com/__cypress/runner/cypress_runner.js:10325:23)\n    at Promise._settlePromiseFromHandler (https://opensource-demo.orangehrmlive.com/__cypress/runner/cypress_runner.js:8260:31)\n    at Promise._settlePromise (https://opensource-demo.orangehrmlive.com/__cypress/runner/cypress_runner.js:8317:18)\n    at Promise._settlePromise0 (https://opensource-demo.orangehrmlive.com/__cypress/runner/cypress_runner.js:8362:10)\n    at Promise._settlePromises (https://opensource-demo.orangehrmlive.com/__cypress/runner/cypress_runner.js:8442:18)\n    at Promise._fulfill (https://opensource-demo.orangehrmlive.com/__cypress/runner/cypress_runner.js:8386:18)\n    at https://opensource-demo.orangehrmlive.com/__cypress/runner/cypress_runner.js:10000:46\nFrom Your Spec Code:\n    at AdminPage.clickRemoveBtn (https://opensource-demo.orangehrmlive.com/__cypress/tests?p=cypress\\integration\\features\\Admin.feature:170:30)\n    at Context.eval (https://opensource-demo.orangehrmlive.com/__cypress/tests?p=cypress\\integration\\features\\Admin.feature:958:9)\n    at Context.resolveAndRunStepDefinition (https://opensource-demo.orangehrmlive.com/__cypress/tests?p=cypress\\integration\\features\\Admin.feature:12191:9)\n    at Context.eval (https://opensource-demo.orangehrmlive.com/__cypress/tests?p=cypress\\integration\\features\\Admin.feature:11532:35)\nFrom Your Spec Code:\n    at AdminPage.clickRemoveBtn (https://opensource-demo.orangehrmlive.com/__cypress/tests?p=cypress\\integration\\features\\Admin.feature:170:30)\n    at Context.eval (https://opensource-demo.orangehrmlive.com/__cypress/tests?p=cypress\\integration\\features\\Admin.feature:958:9)\n    at Context.resolveAndRunStepDefinition (https://opensource-demo.orangehrmlive.com/__cypress/tests?p=cypress\\integration\\features\\Admin.feature:12191:9)\n    at Context.eval (https://opensource-demo.orangehrmlive.com/__cypress/tests?p=cypress\\integration\\features\\Admin.feature:11532:35)",
                "diff": null
              },
              "uuid": "783ec030-ae48-4b77-b40e-5b574902cb67",
              "parentUUID": "21d0164d-26a3-48e3-9f48-284633e303d9",
              "isHook": false,
              "skipped": false
            }
          ],
          "suites": [],
          "passes": [
            "20cc6086-caa8-4249-9768-25cb927c3073",
            "abe30867-75e1-404e-8779-e89870f28405",
            "1b586963-d47f-4e2d-98be-c8ab73d418ce"
          ],
          "failures": [
            "ad89bbb3-97d0-4494-ae99-66c473a89278",
            "783ec030-ae48-4b77-b40e-5b574902cb67"
          ],
          "pending": [],
          "skipped": [],
          "duration": 131374,
          "root": false,
          "rootEmpty": false,
          "_timeout": 2000
        }
      ],
      "passes": [],
      "failures": [],
      "pending": [],
      "skipped": [],
      "duration": 0,
      "root": true,
      "rootEmpty": true,
      "_timeout": 2000
    }
  ],
  "meta": {
    "mocha": {
      "version": "7.0.1"
    },
    "mochawesome": {
      "options": {
        "quiet": false,
        "reportFilename": "mochawesome",
        "saveHtml": true,
        "saveJson": true,
        "consoleReporter": "spec",
        "useInlineDiffs": false,
        "code": true
      },
      "version": "6.2.1"
    },
    "marge": {
      "options": {
        "id": "default",
        "reportDir": "results/cypress-report.xml",
        "quite": true,
        "overwrite": false,
        "html": true,
        "json": true
      },
      "version": "5.1.0"
    }
  }
}