{
  "stats": {
    "suites": 1,
    "tests": 1,
    "passes": 0,
    "pending": 0,
    "failures": 1,
    "start": "2021-03-01T20:10:42.838Z",
    "end": "2021-03-01T20:10:56.663Z",
    "duration": 13825,
    "testsRegistered": 1,
    "passPercent": 0,
    "pendingPercent": 0,
    "other": 0,
    "hasOther": false,
    "skipped": 0,
    "hasSkipped": false
  },
  "results": [
    {
      "uuid": "029a141a-f6e6-44ce-8174-22f6a8597cbf",
      "title": "",
      "fullFile": "cypress\\integration\\features\\Login.feature",
      "file": "cypress\\integration\\features\\Login.feature",
      "beforeHooks": [],
      "afterHooks": [],
      "tests": [],
      "suites": [
        {
          "uuid": "8a8f6cc2-455e-4f4c-aa8d-495408b3c5a6",
          "title": "Login to Orange HRM Application",
          "fullFile": "",
          "file": "",
          "beforeHooks": [],
          "afterHooks": [],
          "tests": [
            {
              "title": "Orange HRM Login",
              "fullTitle": "Login to Orange HRM Application Orange HRM Login",
              "timedOut": null,
              "duration": 13434,
              "state": "failed",
              "speed": null,
              "pass": false,
              "fail": true,
              "pending": false,
              "context": null,
              "code": "const state = window.testState;\nreturn cy\n  .then(() => state.onStartScenario(scenario, indexedSteps))\n  .then(() =>\n    resolveAndRunBeforeHooks.call(this, scenario.tags, state.feature.name)\n  )\n  .then(() =>\n    indexedSteps.forEach((step) =>\n      stepTest.call(this, state, step, rowData)\n    )\n  )\n  .then(() =>\n    resolveAndRunAfterHooks.call(this, scenario.tags, state.feature.name)\n  )\n  .then(() => state.onFinishScenario(scenario));",
              "err": {
                "message": "AssertionError: Timed out retrying: Expected to find element: `a[id=welcome]`, but never found it.",
                "estack": "AssertionError: Timed out retrying: Expected to find element: `a[id=welcome]`, but never found it.\n    at LoginPage.validateMessage (https://opensource-demo.orangehrmlive.com/__cypress/tests?p=cypress\\integration\\features\\Login.feature:792:31)\n    at Context.eval (https://opensource-demo.orangehrmlive.com/__cypress/tests?p=cypress\\integration\\features\\Login.feature:1210:9)\n    at Context.resolveAndRunStepDefinition (https://opensource-demo.orangehrmlive.com/__cypress/tests?p=cypress\\integration\\features\\Login.feature:12191:9)\n    at Context.eval (https://opensource-demo.orangehrmlive.com/__cypress/tests?p=cypress\\integration\\features\\Login.feature:11532:35)",
                "diff": null
              },
              "uuid": "784a40d8-7156-40e8-9f60-9246a97412ea",
              "parentUUID": "8a8f6cc2-455e-4f4c-aa8d-495408b3c5a6",
              "isHook": false,
              "skipped": false
            }
          ],
          "suites": [],
          "passes": [],
          "failures": [
            "784a40d8-7156-40e8-9f60-9246a97412ea"
          ],
          "pending": [],
          "skipped": [],
          "duration": 13434,
          "root": false,
          "rootEmpty": false,
          "_timeout": 2000
        }
      ],
      "passes": [],
      "failures": [],
      "pending": [],
      "skipped": [],
      "duration": 0,
      "root": true,
      "rootEmpty": true,
      "_timeout": 2000
    }
  ],
  "meta": {
    "mocha": {
      "version": "7.0.1"
    },
    "mochawesome": {
      "options": {
        "quiet": false,
        "reportFilename": "mochawesome",
        "saveHtml": true,
        "saveJson": true,
        "consoleReporter": "spec",
        "useInlineDiffs": false,
        "code": true
      },
      "version": "6.2.1"
    },
    "marge": {
      "options": {
        "id": "default",
        "reportDir": "results/cypress-report.xml",
        "quite": true,
        "overwrite": false,
        "html": true,
        "json": true
      },
      "version": "5.1.0"
    }
  }
}