{
  "stats": {
    "suites": 1,
    "tests": 3,
    "passes": 3,
    "pending": 0,
    "failures": 0,
    "start": "2021-09-04T19:49:16.301Z",
    "end": "2021-09-04T19:50:41.545Z",
    "duration": 85244,
    "testsRegistered": 3,
    "passPercent": 100,
    "pendingPercent": 0,
    "other": 0,
    "hasOther": false,
    "skipped": 0,
    "hasSkipped": false
  },
  "results": [
    {
      "uuid": "e9caf1e7-784d-4c7a-9860-72c157525708",
      "title": "",
      "fullFile": "cypress\\integration\\features\\Recruitment.feature",
      "file": "cypress\\integration\\features\\Recruitment.feature",
      "beforeHooks": [],
      "afterHooks": [],
      "tests": [],
      "suites": [
        {
          "uuid": "e4f293a8-16d3-41c3-ae72-65901dee9c64",
          "title": "Recruitment Process for the candidate",
          "fullFile": "",
          "file": "",
          "beforeHooks": [],
          "afterHooks": [],
          "tests": [
            {
              "title": "Add candidates for the job posting (example #1)",
              "fullTitle": "Recruitment Process for the candidate Add candidates for the job posting (example #1)",
              "timedOut": null,
              "duration": 54517,
              "state": "passed",
              "speed": "slow",
              "pass": true,
              "fail": false,
              "pending": false,
              "context": null,
              "code": "const state = window.testState;\nreturn cy\n  .then(() => state.onStartScenario(scenario, indexedSteps))\n  .then(() =>\n    resolveAndRunBeforeHooks.call(this, scenario.tags, state.feature.name)\n  )\n  .then(() =>\n    indexedSteps.forEach((step) =>\n      stepTest.call(this, state, step, rowData)\n    )\n  )\n  .then(() =>\n    resolveAndRunAfterHooks.call(this, scenario.tags, state.feature.name)\n  )\n  .then(() => state.onFinishScenario(scenario));",
              "err": {},
              "uuid": "6893b2ec-c3b8-4d00-aa9c-c4e2ecf2eae6",
              "parentUUID": "e4f293a8-16d3-41c3-ae72-65901dee9c64",
              "isHook": false,
              "skipped": false
            },
            {
              "title": "Add candidates for the job posting (example #2)",
              "fullTitle": "Recruitment Process for the candidate Add candidates for the job posting (example #2)",
              "timedOut": null,
              "duration": 17485,
              "state": "passed",
              "speed": "slow",
              "pass": true,
              "fail": false,
              "pending": false,
              "context": null,
              "code": "const state = window.testState;\nreturn cy\n  .then(() => state.onStartScenario(scenario, indexedSteps))\n  .then(() =>\n    resolveAndRunBeforeHooks.call(this, scenario.tags, state.feature.name)\n  )\n  .then(() =>\n    indexedSteps.forEach((step) =>\n      stepTest.call(this, state, step, rowData)\n    )\n  )\n  .then(() =>\n    resolveAndRunAfterHooks.call(this, scenario.tags, state.feature.name)\n  )\n  .then(() => state.onFinishScenario(scenario));",
              "err": {},
              "uuid": "d470b9a2-eba9-4412-a92d-a2304aba02eb",
              "parentUUID": "e4f293a8-16d3-41c3-ae72-65901dee9c64",
              "isHook": false,
              "skipped": false
            },
            {
              "title": "Download Resume of the candidate (example #1)",
              "fullTitle": "Recruitment Process for the candidate Download Resume of the candidate (example #1)",
              "timedOut": null,
              "duration": 12337,
              "state": "passed",
              "speed": "slow",
              "pass": true,
              "fail": false,
              "pending": false,
              "context": null,
              "code": "const state = window.testState;\nreturn cy\n  .then(() => state.onStartScenario(scenario, indexedSteps))\n  .then(() =>\n    resolveAndRunBeforeHooks.call(this, scenario.tags, state.feature.name)\n  )\n  .then(() =>\n    indexedSteps.forEach((step) =>\n      stepTest.call(this, state, step, rowData)\n    )\n  )\n  .then(() =>\n    resolveAndRunAfterHooks.call(this, scenario.tags, state.feature.name)\n  )\n  .then(() => state.onFinishScenario(scenario));",
              "err": {},
              "uuid": "bc4902af-f05d-437b-a17d-1d005f5beefd",
              "parentUUID": "e4f293a8-16d3-41c3-ae72-65901dee9c64",
              "isHook": false,
              "skipped": false
            }
          ],
          "suites": [],
          "passes": [
            "6893b2ec-c3b8-4d00-aa9c-c4e2ecf2eae6",
            "d470b9a2-eba9-4412-a92d-a2304aba02eb",
            "bc4902af-f05d-437b-a17d-1d005f5beefd"
          ],
          "failures": [],
          "pending": [],
          "skipped": [],
          "duration": 84339,
          "root": false,
          "rootEmpty": false,
          "_timeout": 2000
        }
      ],
      "passes": [],
      "failures": [],
      "pending": [],
      "skipped": [],
      "duration": 0,
      "root": true,
      "rootEmpty": true,
      "_timeout": 2000
    }
  ],
  "meta": {
    "mocha": {
      "version": "7.0.1"
    },
    "mochawesome": {
      "options": {
        "quiet": false,
        "reportFilename": "mochawesome",
        "saveHtml": true,
        "saveJson": true,
        "consoleReporter": "spec",
        "useInlineDiffs": false,
        "code": true
      },
      "version": "6.2.1"
    },
    "marge": {
      "options": {
        "id": "default",
        "reportDir": "results/cypress-report.xml",
        "quite": true,
        "overwrite": false,
        "html": true,
        "json": true
      },
      "version": "5.1.0"
    }
  }
}