{
  "stats": {
    "suites": 1,
    "tests": 5,
    "passes": 4,
    "pending": 0,
    "failures": 1,
    "start": "2020-12-31T23:24:22.303Z",
    "end": "2020-12-31T23:25:17.628Z",
    "duration": 55325,
    "testsRegistered": 5,
    "passPercent": 80,
    "pendingPercent": 0,
    "other": 0,
    "hasOther": false,
    "skipped": 0,
    "hasSkipped": false
  },
  "results": [
    {
      "uuid": "60f76af3-3eab-4495-91ee-7fc7c9fc88f3",
      "title": "",
      "fullFile": "cypress\\integration\\features\\Admin.feature",
      "file": "cypress\\integration\\features\\Admin.feature",
      "beforeHooks": [],
      "afterHooks": [],
      "tests": [],
      "suites": [
        {
          "uuid": "6c08f59a-b93b-4837-af79-c6d34f52dc65",
          "title": "Admin Role for the Application",
          "fullFile": "",
          "file": "",
          "beforeHooks": [],
          "afterHooks": [],
          "tests": [
            {
              "title": "Orange HRM Login (example #1)",
              "fullTitle": "Admin Role for the Application Orange HRM Login (example #1)",
              "timedOut": null,
              "duration": 7404,
              "state": "passed",
              "speed": "slow",
              "pass": true,
              "fail": false,
              "pending": false,
              "context": null,
              "code": "const state = window.testState;\nreturn cy\n  .then(() => state.onStartScenario(scenario, indexedSteps))\n  .then(() =>\n    resolveAndRunBeforeHooks.call(this, scenario.tags, state.feature.name)\n  )\n  .then(() =>\n    indexedSteps.forEach((step) =>\n      stepTest.call(this, state, step, rowData)\n    )\n  )\n  .then(() =>\n    resolveAndRunAfterHooks.call(this, scenario.tags, state.feature.name)\n  )\n  .then(() => state.onFinishScenario(scenario));",
              "err": {},
              "uuid": "051c3521-49a6-4b58-a7c8-22d5b0681d1c",
              "parentUUID": "6c08f59a-b93b-4837-af79-c6d34f52dc65",
              "isHook": false,
              "skipped": false
            },
            {
              "title": "Add Admin role to users (example #1)",
              "fullTitle": "Admin Role for the Application Add Admin role to users (example #1)",
              "timedOut": null,
              "duration": 12319,
              "state": "passed",
              "speed": "slow",
              "pass": true,
              "fail": false,
              "pending": false,
              "context": null,
              "code": "const state = window.testState;\nreturn cy\n  .then(() => state.onStartScenario(scenario, indexedSteps))\n  .then(() =>\n    resolveAndRunBeforeHooks.call(this, scenario.tags, state.feature.name)\n  )\n  .then(() =>\n    indexedSteps.forEach((step) =>\n      stepTest.call(this, state, step, rowData)\n    )\n  )\n  .then(() =>\n    resolveAndRunAfterHooks.call(this, scenario.tags, state.feature.name)\n  )\n  .then(() => state.onFinishScenario(scenario));",
              "err": {},
              "uuid": "ff920727-5703-45d9-b7aa-624901c8b5df",
              "parentUUID": "6c08f59a-b93b-4837-af79-c6d34f52dc65",
              "isHook": false,
              "skipped": false
            },
            {
              "title": "Add Admin role to users (example #2)",
              "fullTitle": "Admin Role for the Application Add Admin role to users (example #2)",
              "timedOut": null,
              "duration": 12077,
              "state": "passed",
              "speed": "slow",
              "pass": true,
              "fail": false,
              "pending": false,
              "context": null,
              "code": "const state = window.testState;\nreturn cy\n  .then(() => state.onStartScenario(scenario, indexedSteps))\n  .then(() =>\n    resolveAndRunBeforeHooks.call(this, scenario.tags, state.feature.name)\n  )\n  .then(() =>\n    indexedSteps.forEach((step) =>\n      stepTest.call(this, state, step, rowData)\n    )\n  )\n  .then(() =>\n    resolveAndRunAfterHooks.call(this, scenario.tags, state.feature.name)\n  )\n  .then(() => state.onFinishScenario(scenario));",
              "err": {},
              "uuid": "db0c5990-88ea-46b0-be1a-135fe30d7ad5",
              "parentUUID": "6c08f59a-b93b-4837-af79-c6d34f52dc65",
              "isHook": false,
              "skipped": false
            },
            {
              "title": "Edit Admin users (example #1)",
              "fullTitle": "Admin Role for the Application Edit Admin users (example #1)",
              "timedOut": null,
              "duration": 12810,
              "state": "passed",
              "speed": "slow",
              "pass": true,
              "fail": false,
              "pending": false,
              "context": null,
              "code": "const state = window.testState;\nreturn cy\n  .then(() => state.onStartScenario(scenario, indexedSteps))\n  .then(() =>\n    resolveAndRunBeforeHooks.call(this, scenario.tags, state.feature.name)\n  )\n  .then(() =>\n    indexedSteps.forEach((step) =>\n      stepTest.call(this, state, step, rowData)\n    )\n  )\n  .then(() =>\n    resolveAndRunAfterHooks.call(this, scenario.tags, state.feature.name)\n  )\n  .then(() => state.onFinishScenario(scenario));",
              "err": {},
              "uuid": "646f75d6-77d0-4a8e-ac09-b49b3ebc285e",
              "parentUUID": "6c08f59a-b93b-4837-af79-c6d34f52dc65",
              "isHook": false,
              "skipped": false
            },
            {
              "title": "Remove user from the list (example #1)",
              "fullTitle": "Admin Role for the Application Remove user from the list (example #1)",
              "timedOut": null,
              "duration": 9989,
              "state": "failed",
              "speed": null,
              "pass": false,
              "fail": true,
              "pending": false,
              "context": null,
              "code": "const state = window.testState;\nreturn cy\n  .then(() => state.onStartScenario(scenario, indexedSteps))\n  .then(() =>\n    resolveAndRunBeforeHooks.call(this, scenario.tags, state.feature.name)\n  )\n  .then(() =>\n    indexedSteps.forEach((step) =>\n      stepTest.call(this, state, step, rowData)\n    )\n  )\n  .then(() =>\n    resolveAndRunAfterHooks.call(this, scenario.tags, state.feature.name)\n  )\n  .then(() => state.onFinishScenario(scenario));",
              "err": {
                "message": "CypressError: Timed out retrying: `cy.click()` failed because this element is `disabled`:\n\n`<input type=\"submit\" class=\"delete\" id=\"btnDelete\" name=\"btnDelete\" value=\"Delete\" data-toggle=\"modal\" data-target=\"#deleteConfModal\" disabled=\"disabled\">`\n\nFix this problem, or use `{force: true}` to disable error checking.\n\nhttps://on.cypress.io/element-cannot-be-interacted-with",
                "estack": "CypressError: Timed out retrying: `cy.click()` failed because this element is `disabled`:\n\n`<input type=\"submit\" class=\"delete\" id=\"btnDelete\" name=\"btnDelete\" value=\"Delete\" data-toggle=\"modal\" data-target=\"#deleteConfModal\" disabled=\"disabled\">`\n\nFix this problem, or use `{force: true}` to disable error checking.\n\nhttps://on.cypress.io/element-cannot-be-interacted-with\n    at $Cy.ensureNotDisabled (https://opensource-demo.orangehrmlive.com/__cypress/runner/cypress_runner.js:161122:24)\n    at runAllChecks (https://opensource-demo.orangehrmlive.com/__cypress/runner/cypress_runner.js:150107:14)\n    at retryActionability (https://opensource-demo.orangehrmlive.com/__cypress/runner/cypress_runner.js:150163:16)\n    at tryCatcher (https://opensource-demo.orangehrmlive.com/__cypress/runner/cypress_runner.js:10325:23)\n    at Function.Promise.attempt.Promise.try (https://opensource-demo.orangehrmlive.com/__cypress/runner/cypress_runner.js:7599:29)\n    at tryFn (https://opensource-demo.orangehrmlive.com/__cypress/runner/cypress_runner.js:165556:21)\n    at whenStable (https://opensource-demo.orangehrmlive.com/__cypress/runner/cypress_runner.js:165594:12)\n    at https://opensource-demo.orangehrmlive.com/__cypress/runner/cypress_runner.js:165089:16\n    at tryCatcher (https://opensource-demo.orangehrmlive.com/__cypress/runner/cypress_runner.js:10325:23)\n    at Promise._settlePromiseFromHandler (https://opensource-demo.orangehrmlive.com/__cypress/runner/cypress_runner.js:8260:31)\n    at Promise._settlePromise (https://opensource-demo.orangehrmlive.com/__cypress/runner/cypress_runner.js:8317:18)\n    at Promise._settlePromise0 (https://opensource-demo.orangehrmlive.com/__cypress/runner/cypress_runner.js:8362:10)\n    at Promise._settlePromises (https://opensource-demo.orangehrmlive.com/__cypress/runner/cypress_runner.js:8442:18)\n    at Promise._fulfill (https://opensource-demo.orangehrmlive.com/__cypress/runner/cypress_runner.js:8386:18)\n    at https://opensource-demo.orangehrmlive.com/__cypress/runner/cypress_runner.js:10000:46\nFrom Your Spec Code:\n    at AdminPage.clickRemoveBtn (https://opensource-demo.orangehrmlive.com/__cypress/tests?p=cypress\\integration\\features\\Admin.feature:168:30)\n    at Context.eval (https://opensource-demo.orangehrmlive.com/__cypress/tests?p=cypress\\integration\\features\\Admin.feature:956:9)\n    at Context.resolveAndRunStepDefinition (https://opensource-demo.orangehrmlive.com/__cypress/tests?p=cypress\\integration\\features\\Admin.feature:12080:9)\n    at Context.eval (https://opensource-demo.orangehrmlive.com/__cypress/tests?p=cypress\\integration\\features\\Admin.feature:11421:35)\nFrom Your Spec Code:\n    at AdminPage.clickRemoveBtn (https://opensource-demo.orangehrmlive.com/__cypress/tests?p=cypress\\integration\\features\\Admin.feature:168:30)\n    at Context.eval (https://opensource-demo.orangehrmlive.com/__cypress/tests?p=cypress\\integration\\features\\Admin.feature:956:9)\n    at Context.resolveAndRunStepDefinition (https://opensource-demo.orangehrmlive.com/__cypress/tests?p=cypress\\integration\\features\\Admin.feature:12080:9)\n    at Context.eval (https://opensource-demo.orangehrmlive.com/__cypress/tests?p=cypress\\integration\\features\\Admin.feature:11421:35)",
                "diff": null
              },
              "uuid": "fc838c14-3f16-4370-ba96-1de9fa529bde",
              "parentUUID": "6c08f59a-b93b-4837-af79-c6d34f52dc65",
              "isHook": false,
              "skipped": false
            }
          ],
          "suites": [],
          "passes": [
            "051c3521-49a6-4b58-a7c8-22d5b0681d1c",
            "ff920727-5703-45d9-b7aa-624901c8b5df",
            "db0c5990-88ea-46b0-be1a-135fe30d7ad5",
            "646f75d6-77d0-4a8e-ac09-b49b3ebc285e"
          ],
          "failures": [
            "fc838c14-3f16-4370-ba96-1de9fa529bde"
          ],
          "pending": [],
          "skipped": [],
          "duration": 54599,
          "root": false,
          "rootEmpty": false,
          "_timeout": 2000
        }
      ],
      "passes": [],
      "failures": [],
      "pending": [],
      "skipped": [],
      "duration": 0,
      "root": true,
      "rootEmpty": true,
      "_timeout": 2000
    }
  ],
  "meta": {
    "mocha": {
      "version": "7.0.1"
    },
    "mochawesome": {
      "options": {
        "quiet": false,
        "reportFilename": "mochawesome",
        "saveHtml": true,
        "saveJson": true,
        "consoleReporter": "spec",
        "useInlineDiffs": false,
        "code": true
      },
      "version": "6.2.1"
    },
    "marge": {
      "options": {
        "id": "default",
        "reportDir": "results/cypress-report.xml",
        "quite": true,
        "overwrite": false,
        "html": true,
        "json": true
      },
      "version": "5.1.0"
    }
  }
}