{
  "stats": {
    "suites": 1,
    "tests": 3,
    "passes": 3,
    "pending": 0,
    "failures": 0,
    "start": "2021-09-05T01:16:50.063Z",
    "end": "2021-09-05T01:17:45.266Z",
    "duration": 55203,
    "testsRegistered": 3,
    "passPercent": 100,
    "pendingPercent": 0,
    "other": 0,
    "hasOther": false,
    "skipped": 0,
    "hasSkipped": false
  },
  "results": [
    {
      "uuid": "9f2dc79c-4b96-4fc7-a15c-86843e887b57",
      "title": "",
      "fullFile": "cypress\\integration\\features\\Recruitment.feature",
      "file": "cypress\\integration\\features\\Recruitment.feature",
      "beforeHooks": [],
      "afterHooks": [],
      "tests": [],
      "suites": [
        {
          "uuid": "f99774ab-85ac-4eec-acd0-ede96dd49bcc",
          "title": "Recruitment Process for the candidate",
          "fullFile": "",
          "file": "",
          "beforeHooks": [],
          "afterHooks": [],
          "tests": [
            {
              "title": "Add candidates for the job posting (example #1)",
              "fullTitle": "Recruitment Process for the candidate Add candidates for the job posting (example #1)",
              "timedOut": null,
              "duration": 31221,
              "state": "passed",
              "speed": "slow",
              "pass": true,
              "fail": false,
              "pending": false,
              "context": null,
              "code": "const state = window.testState;\nreturn cy\n  .then(() => state.onStartScenario(scenario, indexedSteps))\n  .then(() =>\n    resolveAndRunBeforeHooks.call(this, scenario.tags, state.feature.name)\n  )\n  .then(() =>\n    indexedSteps.forEach((step) =>\n      stepTest.call(this, state, step, rowData)\n    )\n  )\n  .then(() =>\n    resolveAndRunAfterHooks.call(this, scenario.tags, state.feature.name)\n  )\n  .then(() => state.onFinishScenario(scenario));",
              "err": {},
              "uuid": "1d4c10ae-d6af-446e-b400-4c70aede3450",
              "parentUUID": "f99774ab-85ac-4eec-acd0-ede96dd49bcc",
              "isHook": false,
              "skipped": false
            },
            {
              "title": "Add candidates for the job posting (example #2)",
              "fullTitle": "Recruitment Process for the candidate Add candidates for the job posting (example #2)",
              "timedOut": null,
              "duration": 16958,
              "state": "passed",
              "speed": "slow",
              "pass": true,
              "fail": false,
              "pending": false,
              "context": null,
              "code": "const state = window.testState;\nreturn cy\n  .then(() => state.onStartScenario(scenario, indexedSteps))\n  .then(() =>\n    resolveAndRunBeforeHooks.call(this, scenario.tags, state.feature.name)\n  )\n  .then(() =>\n    indexedSteps.forEach((step) =>\n      stepTest.call(this, state, step, rowData)\n    )\n  )\n  .then(() =>\n    resolveAndRunAfterHooks.call(this, scenario.tags, state.feature.name)\n  )\n  .then(() => state.onFinishScenario(scenario));",
              "err": {},
              "uuid": "380f57c2-4b8c-4e28-825f-7aeb57e27944",
              "parentUUID": "f99774ab-85ac-4eec-acd0-ede96dd49bcc",
              "isHook": false,
              "skipped": false
            },
            {
              "title": "Download Resume of the candidate (example #1)",
              "fullTitle": "Recruitment Process for the candidate Download Resume of the candidate (example #1)",
              "timedOut": null,
              "duration": 6103,
              "state": "passed",
              "speed": "slow",
              "pass": true,
              "fail": false,
              "pending": false,
              "context": null,
              "code": "const state = window.testState;\nreturn cy\n  .then(() => state.onStartScenario(scenario, indexedSteps))\n  .then(() =>\n    resolveAndRunBeforeHooks.call(this, scenario.tags, state.feature.name)\n  )\n  .then(() =>\n    indexedSteps.forEach((step) =>\n      stepTest.call(this, state, step, rowData)\n    )\n  )\n  .then(() =>\n    resolveAndRunAfterHooks.call(this, scenario.tags, state.feature.name)\n  )\n  .then(() => state.onFinishScenario(scenario));",
              "err": {},
              "uuid": "fef68541-b4a6-4a87-9673-9551be5ffa02",
              "parentUUID": "f99774ab-85ac-4eec-acd0-ede96dd49bcc",
              "isHook": false,
              "skipped": false
            }
          ],
          "suites": [],
          "passes": [
            "1d4c10ae-d6af-446e-b400-4c70aede3450",
            "380f57c2-4b8c-4e28-825f-7aeb57e27944",
            "fef68541-b4a6-4a87-9673-9551be5ffa02"
          ],
          "failures": [],
          "pending": [],
          "skipped": [],
          "duration": 54282,
          "root": false,
          "rootEmpty": false,
          "_timeout": 2000
        }
      ],
      "passes": [],
      "failures": [],
      "pending": [],
      "skipped": [],
      "duration": 0,
      "root": true,
      "rootEmpty": true,
      "_timeout": 2000
    }
  ],
  "meta": {
    "mocha": {
      "version": "7.0.1"
    },
    "mochawesome": {
      "options": {
        "quiet": false,
        "reportFilename": "mochawesome",
        "saveHtml": true,
        "saveJson": true,
        "consoleReporter": "spec",
        "useInlineDiffs": false,
        "code": true
      },
      "version": "6.2.1"
    },
    "marge": {
      "options": {
        "id": "default",
        "reportDir": "results/cypress-report.xml",
        "quite": true,
        "overwrite": false,
        "html": true,
        "json": true
      },
      "version": "5.1.0"
    }
  }
}